<?xml version="1.0" encoding="UTF-8"?>
<testng-results skipped="0" failed="0" ignored="0" total="1" passed="1">
  <reporter-output>
  </reporter-output>
  <suite name="Default suite" duration-ms="35359" started-at="2018-02-25T21:59:49Z" finished-at="2018-02-25T22:00:25Z">
    <groups>
    </groups>
    <test name="Default test" duration-ms="35359" started-at="2018-02-25T21:59:49Z" finished-at="2018-02-25T22:00:25Z">
      <class name="Test2.AccountModuleTest">
        <test-method status="PASS" signature="openBrowser()[pri:0, instance:Test2.AccountModuleTest@5419f379]" name="openBrowser" is-config="true" duration-ms="5440" started-at="2018-02-25T16:59:49Z" finished-at="2018-02-25T16:59:55Z">
          <reporter-output>
          </reporter-output>
        </test-method> <!-- openBrowser -->
        <test-method status="PASS" signature="newCreateAccount()[pri:1, instance:Test2.AccountModuleTest@5419f379]" name="newCreateAccount" duration-ms="29175" started-at="2018-02-25T16:59:55Z" finished-at="2018-02-25T17:00:24Z">
          <reporter-output>
          </reporter-output>
        </test-method> <!-- newCreateAccount -->
        <test-method status="PASS" signature="tearDown()[pri:0, instance:Test2.AccountModuleTest@5419f379]" name="tearDown" is-config="true" duration-ms="726" started-at="2018-02-25T17:00:24Z" finished-at="2018-02-25T17:00:25Z">
          <reporter-output>
          </reporter-output>
        </test-method> <!-- tearDown -->
      </class> <!-- Test2.AccountModuleTest -->
    </test> <!-- Default test -->
  </suite> <!-- Default suite -->
</testng-results>
